C:\Program Files (x86)\Microsoft Visual Studio\2017\Enterprise\Common7\IDE\VC\VCTargets\Microsoft.CppBuild.targets(391,5): warning MSB8028: The intermediate directory (Debug\) contains files shared from another project (Week1.vcxproj).  This can lead to incorrect clean and rebuild behavior.
  Level.cpp
f:\uni\year3\networking\project\server\week1\level.h(60): warning C4305: 'initializing': truncation from 'double' to 'float'
f:\uni\year3\networking\project\server\week1\level.cpp(44): warning C4244: 'argument': conversion from 'T' to 'float', possible loss of data
          with
          [
              T=unsigned int
          ]
f:\uni\year3\networking\project\server\week1\level.cpp(45): warning C4244: 'argument': conversion from 'T' to 'float', possible loss of data
          with
          [
              T=unsigned int
          ]
f:\uni\year3\networking\project\server\week1\level.cpp(62): warning C4244: 'argument': conversion from 'T' to 'float', possible loss of data
          with
          [
              T=unsigned int
          ]
f:\uni\year3\networking\project\server\week1\level.cpp(63): warning C4244: 'argument': conversion from 'T' to 'float', possible loss of data
          with
          [
              T=unsigned int
          ]
f:\uni\year3\networking\project\server\week1\level.cpp(80): warning C4244: 'argument': conversion from 'T' to 'float', possible loss of data
          with
          [
              T=unsigned int
          ]
f:\uni\year3\networking\project\server\week1\level.cpp(81): warning C4244: 'argument': conversion from 'T' to 'float', possible loss of data
          with
          [
              T=unsigned int
          ]
f:\uni\year3\networking\project\server\week1\level.cpp(82): warning C4244: 'argument': conversion from 'T' to 'float', possible loss of data
          with
          [
              T=unsigned int
          ]
f:\uni\year3\networking\project\server\week1\level.cpp(83): warning C4244: 'argument': conversion from 'T' to 'float', possible loss of data
          with
          [
              T=unsigned int
          ]
f:\uni\year3\networking\project\server\week1\level.cpp(101): warning C4244: 'argument': conversion from 'T' to 'T', possible loss of data
          with
          [
              T=unsigned int
          ]
          and
          [
              T=float
          ]
f:\uni\year3\networking\project\server\week1\level.cpp(154): warning C4018: '<': signed/unsigned mismatch
f:\uni\year3\networking\project\server\week1\level.cpp(195): warning C4244: '=': conversion from 'sf::Int32' to 'float', possible loss of data
f:\uni\year3\networking\project\server\week1\level.cpp(200): warning C4244: '=': conversion from 'sf::Int32' to 'float', possible loss of data
f:\uni\year3\networking\project\server\week1\level.cpp(255): warning C4018: '<': signed/unsigned mismatch
f:\uni\year3\networking\project\server\week1\level.cpp(394): warning C4018: '<': signed/unsigned mismatch
f:\uni\year3\networking\project\server\week1\level.cpp(428): warning C4018: '<': signed/unsigned mismatch
f:\uni\year3\networking\project\server\week1\level.cpp(453): warning C4244: '=': conversion from 'sf::Int32' to 'float', possible loss of data
f:\uni\year3\networking\project\server\week1\level.cpp(498): warning C4018: '<': signed/unsigned mismatch
f:\uni\year3\networking\project\server\week1\level.cpp(524): warning C4244: '=': conversion from 'sf::Int32' to 'float', possible loss of data
f:\uni\year3\networking\project\server\week1\level.cpp(597): warning C4244: 'initializing': conversion from 'double' to 'float', possible loss of data
f:\uni\year3\networking\project\server\week1\level.cpp(635): warning C4018: '<': signed/unsigned mismatch
  Week1.vcxproj -> F:\Uni\Year3\Networking\Project\Server\Debug\Server.exe
